<?xml version="1.0" encoding="UTF-8"?>
<!-- Generated by org.testng.reporters.JUnitReportReporter -->
<testsuite hostname="Monishas-MacBook-Air.local" failures="0" tests="6" name="com.automationexercise.testcases.RegisterNLoginTests" time="135.131" errors="0" timestamp="2025-10-18T19:07:03 IST" skipped="0">
  <testcase classname="com.automationexercise.testcases.RegisterNLoginTests" name="registeringNewUserTest" time="74.438"/>
  <testcase classname="com.automationexercise.testcases.RegisterNLoginTests" name="signInUserTest" time="18.076"/>
  <testcase classname="com.automationexercise.testcases.RegisterNLoginTests" name="registerUsingExistingMailTest" time="6.300"/>
  <testcase classname="com.automationexercise.testcases.RegisterNLoginTests" name="deleteAccountTest" time="12.097"/>
  <testcase classname="com.automationexercise.testcases.RegisterNLoginTests" name="loginUsingInvalidValueTest" time="7.330"/>
  <testcase classname="com.automationexercise.testcases.RegisterNLoginTests" name="loginUsingInvalidValueTest" time="16.890"/>
</testsuite> <!-- com.automationexercise.testcases.RegisterNLoginTests -->
