<?xml version="1.0" encoding="UTF-8"?>
<!-- Generated by org.testng.reporters.JUnitReportReporter -->
<testsuite hostname="Monishas-MacBook-Air.local" failures="0" tests="1" name="testcases.BrandTesting" time="36.298" errors="0" timestamp="2025-09-16T07:38:34 IST" skipped="0">
  <testcase classname="testcases.BrandTesting" name="validateBrands" time="36.298"/>
</testsuite> <!-- testcases.BrandTesting -->
