<?xml version="1.0" encoding="UTF-8"?>
<!-- Generated by org.testng.reporters.JUnitReportReporter -->
<testsuite hostname="Monishas-MacBook-Air.local" failures="0" tests="2" name="testcases.LoginLogoutUser" time="43.152" errors="0" timestamp="2025-08-26T09:46:36 IST" skipped="0">
  <testcase classname="testcases.LoginLogoutUser" name="loginusingvalidcredentials" time="34.183"/>
  <testcase classname="testcases.LoginLogoutUser" name="logout" time="8.969"/>
</testsuite> <!-- testcases.LoginLogoutUser -->
