<?xml version="1.0" encoding="UTF-8"?>
<!-- Generated by org.testng.reporters.JUnitReportReporter -->
<testsuite hostname="Monishas-MacBook-Air.local" failures="0" tests="2" name="testcases.LoginUser" time="69.596" errors="0" timestamp="2025-08-26T09:30:42 IST" skipped="0">
  <testcase classname="testcases.LoginUser" name="loginusingvalidcredentials" time="42.095"/>
  <testcase classname="testcases.LoginUser" name="loginusinginvalidcredentials" time="27.501"/>
</testsuite> <!-- testcases.LoginUser -->
