<?xml version="1.0" encoding="UTF-8"?>
<!-- Generated by org.testng.reporters.JUnitReportReporter -->
<testsuite hostname="Monishas-MacBook-Air.local" failures="0" tests="1" name="com.automationexercise.testcases.ContactUsTests" time="42.145" errors="0" timestamp="2025-10-18T19:07:03 IST" skipped="0">
  <testcase classname="com.automationexercise.testcases.ContactUsTests" name="contactUsformvalidation" time="42.145"/>
</testsuite> <!-- com.automationexercise.testcases.ContactUsTests -->
