<?xml version="1.0" encoding="UTF-8"?>
<!-- Generated by org.testng.reporters.JUnitReportReporter -->
<testsuite hostname="Monishas-MacBook-Air.local" failures="0" tests="2" name="testcases.CheckoutTesting" time="84.304" errors="0" timestamp="2025-09-12T08:21:20 IST" skipped="0">
  <testcase classname="testcases.CheckoutTesting" name="loginbeforecheckout" time="61.167"/>
  <testcase classname="testcases.CheckoutTesting" name="payment" time="23.137"/>
</testsuite> <!-- testcases.CheckoutTesting -->
