<?xml version="1.0" encoding="UTF-8"?>
<!-- Generated by org.testng.reporters.JUnitReportReporter -->
<testsuite hostname="Monishas-MacBook-Air.local" failures="0" tests="1" name="testcases.TestCasePageValiadtion" time="9.757" errors="0" timestamp="2025-08-30T10:48:54 IST" skipped="0">
  <testcase classname="testcases.TestCasePageValiadtion" name="valiadteTestcasePage" time="9.757"/>
</testsuite> <!-- testcases.TestCasePageValiadtion -->
