<?xml version="1.0" encoding="UTF-8"?>
<!-- Generated by org.testng.reporters.JUnitReportReporter -->
<testsuite hostname="Monishas-MacBook-Air.local" failures="0" tests="1" name="base.SetupTeardown" time="20.297" errors="0" timestamp="2025-08-20T08:58:22 IST" skipped="0">
  <testcase classname="base.SetupTeardown" name="setup" time="20.297"/>
</testsuite> <!-- base.SetupTeardown -->
