<?xml version="1.0" encoding="UTF-8"?>
<!-- Generated by org.testng.reporters.JUnitReportReporter -->
<testsuite hostname="Monishas-MacBook-Air.local" failures="0" tests="1" name="testcases.CategoryTesting" time="19.155" errors="0" timestamp="2025-09-12T09:06:56 IST" skipped="0">
  <testcase classname="testcases.CategoryTesting" name="category" time="19.155"/>
</testsuite> <!-- testcases.CategoryTesting -->
