<?xml version="1.0" encoding="UTF-8"?>
<!-- Generated by org.testng.reporters.JUnitReportReporter -->
<testsuite hostname="Monishas-MacBook-Air.local" failures="0" tests="2" name="testcases.RegisterLoginUser" time="20.231" errors="0" timestamp="2025-08-30T10:05:18 IST" skipped="0">
  <testcase classname="testcases.RegisterLoginUser" name="homepagevalidation" time="9.647"/>
  <testcase classname="testcases.RegisterLoginUser" name="registerusingexistingmail" time="10.584"/>
</testsuite> <!-- testcases.RegisterLoginUser -->
