<?xml version="1.0" encoding="UTF-8"?>
<!-- Generated by org.testng.reporters.JUnitReportReporter -->
<testsuite hostname="Monishas-MacBook-Air.local" failures="0" tests="1" name="testcases.CartTesting" time="29.864" errors="0" timestamp="2025-09-12T08:34:06 IST" skipped="0">
  <testcase classname="testcases.CartTesting" name="removeProducts" time="29.864"/>
</testsuite> <!-- testcases.CartTesting -->
