<?xml version="1.0" encoding="UTF-8"?>
<!-- Generated by org.testng.reporters.JUnitReportReporter -->
<testsuite hostname="Monishas-MacBook-Air.local" failures="0" tests="1" name="testcases.ContactUsTests" time="44.251" errors="0" timestamp="2025-10-07T20:00:59 IST" skipped="0">
  <testcase classname="testcases.ContactUsTests" name="contactUsformvalidation" time="44.251"/>
</testsuite> <!-- testcases.ContactUsTests -->
