<?xml version="1.0" encoding="UTF-8"?>
<!-- Generated by org.testng.reporters.JUnitReportReporter -->
<testsuite hostname="Monishas-MacBook-Air.local" failures="0" tests="1" name="testcases.ContactUsForm" time="53.510" errors="0" timestamp="2025-09-01T09:08:36 IST" skipped="0">
  <testcase classname="testcases.ContactUsForm" name="contactUsformvalidation" time="53.510"/>
</testsuite> <!-- testcases.ContactUsForm -->
