<?xml version="1.0" encoding="UTF-8"?>
<!-- Generated by org.testng.reporters.JUnitReportReporter -->
<testsuite hostname="Monishas-MacBook-Air.local" failures="0" tests="3" name="testcases.SearchingProducts" time="63.053" errors="0" timestamp="2025-09-16T09:08:47 IST" skipped="0">
  <testcase classname="testcases.SearchingProducts" name="searchforProducts" time="43.256"/>
  <testcase classname="testcases.SearchingProducts" name="loginusingvalidcredentials" time="17.917"/>
  <testcase classname="testcases.SearchingProducts" name="cartvaliadtion" time="1.880"/>
</testsuite> <!-- testcases.SearchingProducts -->
