<?xml version="1.0" encoding="UTF-8"?>
<!-- Generated by org.testng.reporters.JUnitReportReporter -->
<testsuite hostname="Monishas-MacBook-Air.local" failures="0" tests="1" name="testcases.ProductTesting" time="30.400" errors="0" timestamp="2025-09-02T09:10:33 IST" skipped="0">
  <testcase classname="testcases.ProductTesting" name="serachproducts" time="30.400"/>
</testsuite> <!-- testcases.ProductTesting -->
