<?xml version="1.0" encoding="UTF-8"?>
<!-- Generated by org.testng.reporters.JUnitReportReporter -->
<testsuite hostname="Monishas-MacBook-Air.local" failures="0" tests="2" name="testcases.SubscriptionTesting" time="23.016" errors="0" timestamp="2025-09-02T09:57:04 IST" skipped="0">
  <testcase classname="testcases.SubscriptionTesting" name="subscribe" time="10.088"/>
  <testcase classname="testcases.SubscriptionTesting" name="subscriptionfromcartpage" time="12.928"/>
</testsuite> <!-- testcases.SubscriptionTesting -->
