<?xml version="1.0" encoding="UTF-8"?>
<!-- Generated by org.testng.reporters.JUnitReportReporter -->
<testsuite hostname="Monishas-MacBook-Air.local" failures="0" tests="3" name="testcases.LoginUserCorrectCredentials" time="38.323" errors="0" timestamp="2025-08-26T08:29:15 IST" skipped="0">
  <testcase classname="testcases.LoginUserCorrectCredentials" name="ishomepagevisible" time="8.431"/>
  <testcase classname="testcases.LoginUserCorrectCredentials" name="login" time="19.232"/>
  <testcase classname="testcases.LoginUserCorrectCredentials" name="deleteaccount" time="10.660"/>
</testsuite> <!-- testcases.LoginUserCorrectCredentials -->
