<?xml version="1.0" encoding="UTF-8"?>
<!-- Generated by org.testng.reporters.JUnitReportReporter -->
<testsuite hostname="Monishas-MacBook-Air.local" failures="0" tests="3" name="testcases.SearchingProducts" time="18.301" errors="0" timestamp="2025-09-17T08:44:27 IST" skipped="0">
  <testcase classname="testcases.SearchingProducts" name="searchforProducts" time="12.919"/>
  <testcase classname="testcases.SearchingProducts" name="loginusingvalidcredentials" time="5.372"/>
  <testcase classname="testcases.SearchingProducts" name="cartvaliadtion" time="0.010"/>
</testsuite> <!-- testcases.SearchingProducts -->
